<?xml version="1.0" encoding="UTF-8"?>
<!-- Generated by org.testng.reporters.JUnitReportReporter -->
<testsuite skipped="0" hostname="DESKTOP-4MLC4R0" name="com.testng.basic.TestNGBasic" tests="3" failures="0" timestamp="08 May 2022 14:43:24 GMT" time="0.021" errors="0">
  <testcase name="title" time="0.006" classname="com.testng.basic.TestNGBasic"/>
  <testcase name="google" time="0.011" classname="com.testng.basic.TestNGBasic"/>
  <testcase name="testCases" time="0.004" classname="com.testng.basic.TestNGBasic"/>
</testsuite> <!-- com.testng.basic.TestNGBasic -->
